<?xml version="1.0" encoding="UTF-8"?>
<!-- Generated by org.testng.reporters.JUnitReportReporter -->
<testsuite hostname="selenium7" failures="0" tests="2" name="runners.ProjectRunner" time="8.829" errors="0" timestamp="2024-12-24T15:42:17 IST" skipped="0">
  <testcase classname="runners.ProjectRunner" name="runScenario" time="2.486"/>
  <testcase classname="runners.ProjectRunner" name="runScenario" time="6.343"/>
</testsuite> <!-- runners.ProjectRunner -->
